global_palette.h
global_palette.c
isaac1.h
isaac1.c
gaper.h
gaper.c
fly.h
fly.c
dukeofflies.h
dukeofflies.c
dingle.h
dingle.c
dinner.h
dinner.c
woodenspoon.h
woodenspoon.c
catoninetails.h
catoninetails.c
magicmush.h
magicmush.c
spoonbender.h
spoonbender.c
polyphemus.h
polyphemus.c
twentytwenty.h
twentytwenty.c
toughlove.h
toughlove.c
lokishorns.h
lokishorns.c
luckyfoot.h
luckyfoot.c
thevirus.h
thevirus.c
thedsix.h
thedsix.c
bookofbelial.h
bookofbelial.c
yumheart.h
yumheart.c
wirecoathanger.h
wirecoathanger.c
momslipstick.h
momslipstick.c
rock.h
rock.c
halfheart.h
halfheart.c
fullheart.h
fullheart.c
soulheart.h
soulheart.c
bomb.h
bomb.c
key.h
key.c
nickel.h
nickel.c
penny.h
penny.c
maw.h
maw.c
maggot.h
maggot.c
globin.h
globin.c
vis.h
vis.c
monstrotwo.h
monstrotwo.c
peep.h
peep.c
gurdy.h
gurdy.c
loki.h
loki.c
gfx.h
